2023-01-09 21:25:16.947325	Started
2023-01-09 21:25:17.798200	Server List: self.controller.show_frame(0)
2023-01-09 21:25:17.799202	Server List: self.controller.show_frame(0)
2023-01-09 21:25:17.799202	Server List: self.controller.show_frame(0)
2023-01-09 21:25:17.802013	Server List: self.controller.show_frame(0)
2023-01-09 21:25:17.803015	Server List: self.controller.show_frame(0)
2023-01-09 21:25:17.810014	Server List: self.controller.show_frame(0)
2023-01-09 21:25:17.811015	Server List: self.controller.show_frame(0)
2023-01-09 21:25:17.812031	Server List: self.controller.show_frame(0)
2023-01-09 21:25:17.812031	Server List: self.controller.show_frame(0)
2023-01-09 21:25:17.813017	Server List: self.controller.show_frame(0)
2023-01-09 21:26:28.853943	Login
2023-01-09 21:26:28.854941	admin
2023-01-09 21:26:28.854941	admin
2023-01-09 21:26:28.854941	Login Successful
2023-01-09 21:26:30.818199	Confirm: Are you sure you want to clear the output?
2023-01-09 21:26:32.808221	Confirm: Yes
2023-01-09 21:26:32.808221	Are Youo Sure? Yes: Cleared the output
2023-01-09 21:26:37.834362	Exit Tool Confirm?
2023-01-09 21:26:37.835364	Confirm: Are you sure you want to exit?
2023-01-09 21:26:38.703337	Confirm: Yes
2023-01-09 21:26:38.703337	Exit Tool: Yes
2023-01-09 21:26:38.869308	Ended
2023-01-09 21:26:38.871303	----------------------------------------------------
